# JRE version: Java(TM) SE Runtime Environment (8.0_111-b14) (build 1.8.0_111-b14)
# Java VM: Java HotSpot(TM) Client VM (25.111-b14 mixed mode windows-x86 )
Heap:
 def new generation   total 20288K, used 20084K [0x05200000, 0x06800000, 0x0a750000)
  eden space 18048K,  98% used [0x05200000, 0x0636d0b8, 0x063a0000)
  from space 2240K, 100% used [0x063a0000, 0x065d0000, 0x065d0000)
  to   space 2240K,   0% used [0x065d0000, 0x065d0000, 0x06800000)
 tenured generation   total 70100K, used 69996K [0x0a750000, 0x0ebc5000, 0x15200000)
   the space 70100K,  99% used [0x0a750000, 0x0ebab128, 0x0ebab200, 0x0ebc5000)
 Metaspace       used 5624K, capacity 5803K, committed 5888K, reserved 6528K
GC Heap History (10 events):
Event: 4.707 GC heap after
Heap after GC invocations=189 (full 3):
 def new generation   total 16192K, used 1792K [0x05200000, 0x06390000, 0x0a750000)
  eden space 14400K,   0% used [0x05200000, 0x05200000, 0x06010000)
  from space 1792K, 100% used [0x06010000, 0x061d0000, 0x061d0000)
  to   space 1792K,   0% used [0x061d0000, 0x061d0000, 0x06390000)
 tenured generation   total 35888K, used 34022K [0x0a750000, 0x0ca5c000, 0x15200000)
   the space 35888K,  94% used [0x0a750000, 0x0c889960, 0x0c889a00, 0x0ca5c000)
 Metaspace       used 5593K, capacity 5771K, committed 5888K, reserved 6528K
}
Event: 4.740 GC heap before
{Heap before GC invocations=189 (full 3):
 def new generation   total 16192K, used 16095K [0x05200000, 0x06390000, 0x0a750000)
  eden space 14400K,  99% used [0x05200000, 0x05ff7e88, 0x06010000)
  from space 1792K, 100% used [0x06010000, 0x061d0000, 0x061d0000)
  to   space 1792K,   0% used [0x061d0000, 0x061d0000, 0x06390000)
 tenured generation   total 35888K, used 34022K [0x0a750000, 0x0ca5c000, 0x15200000)
   the space 35888K,  94% used [0x0a750000, 0x0c889960, 0x0c889a00, 0x0ca5c000)
 Metaspace       used 5624K, capacity 5803K, committed 5888K, reserved 6528K
Event: 4.783 GC heap after
Heap after GC invocations=190 (full 4):
 def new generation   total 20288K, used 0K [0x05200000, 0x06800000, 0x0a750000)
  eden space 18048K,   0% used [0x05200000, 0x05200000, 0x063a0000)
  from space 2240K,   0% used [0x063a0000, 0x063a0000, 0x065d0000)
  to   space 2240K,   0% used [0x065d0000, 0x065d0000, 0x06800000)
 tenured generation   total 45000K, used 41222K [0x0a750000, 0x0d342000, 0x15200000)
   the space 45000K,  91% used [0x0a750000, 0x0cf919d8, 0x0cf91a00, 0x0d342000)
 Metaspace       used 5624K, capacity 5803K, committed 5888K, reserved 6528K
}
Event: 4.823 GC heap before
{Heap before GC invocations=190 (full 4):
 def new generation   total 20288K, used 18048K [0x05200000, 0x06800000, 0x0a750000)
  eden space 18048K, 100% used [0x05200000, 0x063a0000, 0x063a0000)
  from space 2240K,   0% used [0x063a0000, 0x063a0000, 0x065d0000)
  to   space 2240K,   0% used [0x065d0000, 0x065d0000, 0x06800000)
 tenured generation   total 45000K, used 41222K [0x0a750000, 0x0d342000, 0x15200000)
   the space 45000K,  91% used [0x0a750000, 0x0cf919d8, 0x0cf91a00, 0x0d342000)
 Metaspace       used 5624K, capacity 5803K, committed 5888K, reserved 6528K
Event: 4.867 GC heap after
Heap after GC invocations=191 (full 5):
 def new generation   total 20288K, used 2239K [0x05200000, 0x06800000, 0x0a750000)
  eden space 18048K,  12% used [0x05200000, 0x0542fce8, 0x063a0000)
  from space 2240K,   0% used [0x065d0000, 0x065d0000, 0x06800000)
  to   space 2240K,   0% used [0x063a0000, 0x063a0000, 0x065d0000)
 tenured generation   total 53488K, used 53484K [0x0a750000, 0x0db8c000, 0x15200000)
   the space 53488K,  99% used [0x0a750000, 0x0db8b1d8, 0x0db8b200, 0x0db8c000)
 Metaspace       used 5624K, capacity 5803K, committed 5888K, reserved 6528K
}
Event: 4.900 GC heap before
{Heap before GC invocations=191 (full 5):
 def new generation   total 20288K, used 17984K [0x05200000, 0x06800000, 0x0a750000)
  eden space 18048K,  99% used [0x05200000, 0x063902b8, 0x063a0000)
  from space 2240K,   0% used [0x065d0000, 0x065d0000, 0x06800000)
  to   space 2240K,   0% used [0x063a0000, 0x063a0000, 0x065d0000)
 tenured generation   total 53488K, used 53484K [0x0a750000, 0x0db8c000, 0x15200000)
   the space 53488K,  99% used [0x0a750000, 0x0db8b1d8, 0x0db8b200, 0x0db8c000)
 Metaspace       used 5624K, capacity 5803K, committed 5888K, reserved 6528K
Event: 4.963 GC heap after
Heap after GC invocations=192 (full 6):
 def new generation   total 20288K, used 4583K [0x05200000, 0x06800000, 0x0a750000)
  eden space 18048K,  25% used [0x05200000, 0x05679f10, 0x063a0000)
  from space 2240K,   0% used [0x063a0000, 0x063a0000, 0x065d0000)
  to   space 2240K,   0% used [0x065d0000, 0x065d0000, 0x06800000)
 tenured generation   total 63664K, used 63565K [0x0a750000, 0x0e57c000, 0x15200000)
   the space 63664K,  99% used [0x0a750000, 0x0e5636e8, 0x0e563800, 0x0e57c000)
 Metaspace       used 5624K, capacity 5803K, committed 5888K, reserved 6528K
}
Event: 4.991 GC heap before
{Heap before GC invocations=192 (full 6):
 def new generation   total 20288K, used 18048K [0x05200000, 0x06800000, 0x0a750000)
  eden space 18048K, 100% used [0x05200000, 0x063a0000, 0x063a0000)
  from space 2240K,   0% used [0x063a0000, 0x063a0000, 0x065d0000)
  to   space 2240K,   0% used [0x065d0000, 0x065d0000, 0x06800000)
 tenured generation   total 63664K, used 63565K [0x0a750000, 0x0e57c000, 0x15200000)
   the space 63664K,  99% used [0x0a750000, 0x0e5636e8, 0x0e563800, 0x0e57c000)
 Metaspace       used 5624K, capacity 5803K, committed 5888K, reserved 6528K
Event: 5.066 GC heap after
Heap after GC invocations=193 (full 7):
 def new generation   total 20288K, used 10052K [0x05200000, 0x06800000, 0x0a750000)
  eden space 18048K,  55% used [0x05200000, 0x05bd1340, 0x063a0000)
  from space 2240K,   0% used [0x065d0000, 0x065d0000, 0x06800000)
  to   space 2240K,   0% used [0x063a0000, 0x063a0000, 0x065d0000)
 tenured generation   total 68888K, used 68865K [0x0a750000, 0x0ea96000, 0x15200000)
   the space 68888K,  99% used [0x0a750000, 0x0ea90790, 0x0ea90800, 0x0ea96000)
 Metaspace       used 5624K, capacity 5803K, committed 5888K, reserved 6528K
}
Event: 5.082 GC heap before
{Heap before GC invocations=193 (full 7):
 def new generation   total 20288K, used 17844K [0x05200000, 0x06800000, 0x0a750000)
  eden space 18048K,  98% used [0x05200000, 0x0636d0b8, 0x063a0000)
  from space 2240K,   0% used [0x065d0000, 0x065d0000, 0x06800000)
  to   space 2240K,   0% used [0x063a0000, 0x063a0000, 0x065d0000)
 tenured generation   total 68888K, used 68865K [0x0a750000, 0x0ea96000, 0x15200000)
   the space 68888K,  99% used [0x0a750000, 0x0ea90790, 0x0ea90800, 0x0ea96000)
 Metaspace       used 5624K, capacity 5803K, committed 5888K, reserved 6528K

