# JRE version: Java(TM) SE Runtime Environment (8.0_111-b14) (build 1.8.0_111-b14)
# Java VM: Java HotSpot(TM) Client VM (25.111-b14 mixed mode windows-x86 )
Heap:
 def new generation   total 19392K, used 19042K [0x04600000, 0x05b00000, 0x09b50000)
  eden space 17280K,  97% used [0x04600000, 0x05688a00, 0x056e0000)
  from space 2112K, 100% used [0x056e0000, 0x058f0000, 0x058f0000)
  to   space 2112K,   0% used [0x058f0000, 0x058f0000, 0x05b00000)
 tenured generation   total 48272K, used 48271K [0x09b50000, 0x0ca74000, 0x14600000)
   the space 48272K,  99% used [0x09b50000, 0x0ca73df8, 0x0ca73e00, 0x0ca74000)
 Metaspace       used 5625K, capacity 5803K, committed 5888K, reserved 6528K
GC Heap History (10 events):
Event: 4.747 GC heap after
Heap after GC invocations=192 (full 3):
 def new generation   total 15872K, used 1297K [0x04600000, 0x05730000, 0x09b50000)
  eden space 14144K,   0% used [0x04600000, 0x04600000, 0x053d0000)
  from space 1728K,  75% used [0x05580000, 0x056c4788, 0x05730000)
  to   space 1728K,   0% used [0x053d0000, 0x053d0000, 0x05580000)
 tenured generation   total 35132K, used 25837K [0x09b50000, 0x0bd9f000, 0x14600000)
   the space 35132K,  73% used [0x09b50000, 0x0b48b620, 0x0b48b800, 0x0bd9f000)
 Metaspace       used 5594K, capacity 5771K, committed 5888K, reserved 6528K
}
Event: 4.765 GC heap before
{Heap before GC invocations=192 (full 3):
 def new generation   total 15872K, used 15441K [0x04600000, 0x05730000, 0x09b50000)
  eden space 14144K, 100% used [0x04600000, 0x053d0000, 0x053d0000)
  from space 1728K,  75% used [0x05580000, 0x056c4788, 0x05730000)
  to   space 1728K,   0% used [0x053d0000, 0x053d0000, 0x05580000)
 tenured generation   total 35132K, used 25837K [0x09b50000, 0x0bd9f000, 0x14600000)
   the space 35132K,  73% used [0x09b50000, 0x0b48b620, 0x0b48b800, 0x0bd9f000)
 Metaspace       used 5594K, capacity 5771K, committed 5888K, reserved 6528K
Event: 4.766 GC heap after
Heap after GC invocations=193 (full 3):
 def new generation   total 15872K, used 718K [0x04600000, 0x05730000, 0x09b50000)
  eden space 14144K,   0% used [0x04600000, 0x04600000, 0x053d0000)
  from space 1728K,  41% used [0x053d0000, 0x054839e0, 0x05580000)
  to   space 1728K,   0% used [0x05580000, 0x05580000, 0x05730000)
 tenured generation   total 35132K, used 25837K [0x09b50000, 0x0bd9f000, 0x14600000)
   the space 35132K,  73% used [0x09b50000, 0x0b48b620, 0x0b48b800, 0x0bd9f000)
 Metaspace       used 5594K, capacity 5771K, committed 5888K, reserved 6528K
}
Event: 4.788 GC heap before
{Heap before GC invocations=193 (full 3):
 def new generation   total 15872K, used 14862K [0x04600000, 0x05730000, 0x09b50000)
  eden space 14144K, 100% used [0x04600000, 0x053d0000, 0x053d0000)
  from space 1728K,  41% used [0x053d0000, 0x054839e0, 0x05580000)
  to   space 1728K,   0% used [0x05580000, 0x05580000, 0x05730000)
 tenured generation   total 35132K, used 25837K [0x09b50000, 0x0bd9f000, 0x14600000)
   the space 35132K,  73% used [0x09b50000, 0x0b48b620, 0x0b48b800, 0x0bd9f000)
 Metaspace       used 5594K, capacity 5771K, committed 5888K, reserved 6528K
Event: 4.796 GC heap after
Heap after GC invocations=194 (full 3):
 def new generation   total 15872K, used 1728K [0x04600000, 0x05730000, 0x09b50000)
  eden space 14144K,   0% used [0x04600000, 0x04600000, 0x053d0000)
  from space 1728K, 100% used [0x05580000, 0x05730000, 0x05730000)
  to   space 1728K,   0% used [0x053d0000, 0x053d0000, 0x05580000)
 tenured generation   total 35132K, used 33312K [0x09b50000, 0x0bd9f000, 0x14600000)
   the space 35132K,  94% used [0x09b50000, 0x0bbd8090, 0x0bbd8200, 0x0bd9f000)
 Metaspace       used 5594K, capacity 5771K, committed 5888K, reserved 6528K
}
Event: 4.825 GC heap before
{Heap before GC invocations=194 (full 3):
 def new generation   total 15872K, used 15815K [0x04600000, 0x05730000, 0x09b50000)
  eden space 14144K,  99% used [0x04600000, 0x053c1d08, 0x053d0000)
  from space 1728K, 100% used [0x05580000, 0x05730000, 0x05730000)
  to   space 1728K,   0% used [0x053d0000, 0x053d0000, 0x05580000)
 tenured generation   total 35132K, used 33312K [0x09b50000, 0x0bd9f000, 0x14600000)
   the space 35132K,  94% used [0x09b50000, 0x0bbd8090, 0x0bbd8200, 0x0bd9f000)
 Metaspace       used 5625K, capacity 5803K, committed 5888K, reserved 6528K
Event: 4.866 GC heap after
Heap after GC invocations=195 (full 4):
 def new generation   total 19392K, used 0K [0x04600000, 0x05b00000, 0x09b50000)
  eden space 17280K,   0% used [0x04600000, 0x04600000, 0x056e0000)
  from space 2112K,   0% used [0x056e0000, 0x056e0000, 0x058f0000)
  to   space 2112K,   0% used [0x058f0000, 0x058f0000, 0x05b00000)
 tenured generation   total 42932K, used 37716K [0x09b50000, 0x0c53d000, 0x14600000)
   the space 42932K,  87% used [0x09b50000, 0x0c0250c0, 0x0c025200, 0x0c53d000)
 Metaspace       used 5625K, capacity 5803K, committed 5888K, reserved 6528K
}
Event: 4.902 GC heap before
{Heap before GC invocations=195 (full 4):
 def new generation   total 19392K, used 17002K [0x04600000, 0x05b00000, 0x09b50000)
  eden space 17280K,  98% used [0x04600000, 0x0569aa08, 0x056e0000)
  from space 2112K,   0% used [0x056e0000, 0x056e0000, 0x058f0000)
  to   space 2112K,   0% used [0x058f0000, 0x058f0000, 0x05b00000)
 tenured generation   total 42932K, used 37716K [0x09b50000, 0x0c53d000, 0x14600000)
   the space 42932K,  87% used [0x09b50000, 0x0c0250c0, 0x0c025200, 0x0c53d000)
 Metaspace       used 5625K, capacity 5803K, committed 5888K, reserved 6528K
Event: 4.943 GC heap after
Heap after GC invocations=196 (full 5):
 def new generation   total 19392K, used 4455K [0x04600000, 0x05b00000, 0x09b50000)
  eden space 17280K,  25% used [0x04600000, 0x04a59f10, 0x056e0000)
  from space 2112K,   0% used [0x058f0000, 0x058f0000, 0x05b00000)
  to   space 2112K,   0% used [0x056e0000, 0x056e0000, 0x058f0000)
 tenured generation   total 46928K, used 46925K [0x09b50000, 0x0c924000, 0x14600000)
   the space 46928K,  99% used [0x09b50000, 0x0c923488, 0x0c923600, 0x0c924000)
 Metaspace       used 5625K, capacity 5803K, committed 5888K, reserved 6528K
}
Event: 4.970 GC heap before
{Heap before GC invocations=196 (full 5):
 def new generation   total 19392K, used 16930K [0x04600000, 0x05b00000, 0x09b50000)
  eden space 17280K,  97% used [0x04600000, 0x05688a00, 0x056e0000)
  from space 2112K,   0% used [0x058f0000, 0x058f0000, 0x05b00000)
  to   space 2112K,   0% used [0x056e0000, 0x056e0000, 0x058f0000)
 tenured generation   total 46928K, used 46925K [0x09b50000, 0x0c924000, 0x14600000)
   the space 46928K,  99% used [0x09b50000, 0x0c923488, 0x0c923600, 0x0c924000)
 Metaspace       used 5625K, capacity 5803K, committed 5888K, reserved 6528K

